Joojdeperguntas/app/build/intermediates/manifest_merge_blame_file/debug/manifest-merger-blame-debug-report.txt
1<?xml version="1.0" encoding="utf-8"?>
2<manifest xmlns:android="http://schemas.android.com/apk/res/android"
3    package="br.com.jp.joojdeperguntas"
4    android:versionCode="1"
5    android:versionName="1.0" >
6
7    <uses-sdk
8        android:minSdkVersion="23"
8-->src\main\AndroidManifest.xml
9        android:targetSdkVersion="29" />
9-->src\main\AndroidManifest.xml
10
11    <application
11-->src\main\AndroidManifest.xml:5:5-24:19
12        android:allowBackup="true"
12-->src\main\AndroidManifest.xml:6:9-35
13        android:appComponentFactory="androidx.core.app.CoreComponentFactory"
13-->[androidx.core:core:1.0.1] AndroidManifest.xml:22:18-86
14        android:debuggable="true"
15        android:icon="@mipmap/ic_launcher"
15-->src\main\AndroidManifest.xml:7:9-43
16        android:label="@string/app_name"
16-->src\main\AndroidManifest.xml:8:9-41
17        android:roundIcon="@mipmap/ic_launcher_round"
17-->src\main\AndroidManifest.xml:9:9-54
18        android:supportsRtl="true"
18-->src\main\AndroidManifest.xml:10:9-35
19        android:theme="@style/AppTheme" >
19-->src\main\AndroidManifest.xml:11:9-40
20        <activity android:name="br.com.jp.joojdeperguntas.MainActivity" >
20-->src\main\AndroidManifest.xml:12:9-18:20
20-->src\main\AndroidManifest.xml:12:19-47
21            <intent-filter>
21-->src\main\AndroidManifest.xml:13:13-17:29
22                <action android:name="android.intent.action.MAIN" />
22-->src\main\AndroidManifest.xml:14:17-69
22-->src\main\AndroidManifest.xml:14:25-66
23
24                <category android:name="android.intent.category.LAUNCHER" />
24-->src\main\AndroidManifest.xml:16:17-77
24-->src\main\AndroidManifest.xml:16:27-74
25            </intent-filter>
26        </activity>
27        <activity android:name="br.com.jp.joojdeperguntas.controller.Config" />
27-->src\main\AndroidManifest.xml:19:9-55
27-->src\main\AndroidManifest.xml:19:19-52
28        <activity android:name="br.com.jp.joojdeperguntas.controller.PreJogar" />
28-->src\main\AndroidManifest.xml:20:9-57
28-->src\main\AndroidManifest.xml:20:19-54
29        <activity android:name="br.com.jp.joojdeperguntas.controller.Jogar" />
29-->src\main\AndroidManifest.xml:21:9-54
29-->src\main\AndroidManifest.xml:21:19-51
30        <activity android:name="br.com.jp.joojdeperguntas.crud.Inserir" />
30-->src\main\AndroidManifest.xml:22:9-50
30-->src\main\AndroidManifest.xml:22:19-47
31        <activity android:name="br.com.jp.joojdeperguntas.crud.Deletar" />
31-->src\main\AndroidManifest.xml:23:9-50
31-->src\main\AndroidManifest.xml:23:19-47
32    </application>
33
34</manifest>